2024-09-02  22:09:03 [main] org.springframework.boot.StartupInfoLogger INFO  c.h.hotel.HotelApplication -  Starting HotelApplication using Java 17.0.12 with PID 15740 (E:\SpringBootP\HotelMangementMicroService\hotel-management\target\classes started by Gyan  chathuranaga in E:\SpringBootP\HotelMangementMicroService\hotel-management)
2024-09-02  22:09:03 [main] org.springframework.boot.SpringApplication INFO  c.h.hotel.HotelApplication -  No active profile set, falling back to 1 default profile: "default"
2024-09-02  22:09:04 [main] org.springframework.data.repository.config.RepositoryConfigurationDelegate INFO  o.s.d.r.c.RepositoryConfigurationDelegate -  Bootstrapping Spring Data JPA repositories in DEFAULT mode.
2024-09-02  22:09:04 [main] org.springframework.data.repository.config.RepositoryConfigurationDelegate INFO  o.s.d.r.c.RepositoryConfigurationDelegate -  Finished Spring Data repository scanning in 55 ms. Found 3 JPA repository interfaces.
2024-09-02  22:09:04 [main] org.springframework.boot.web.embedded.tomcat.TomcatWebServer INFO  o.s.b.w.e.tomcat.TomcatWebServer -  Tomcat initialized with port 8081 (http)
2024-09-02  22:09:04 [main] org.apache.juli.logging.DirectJDKLog INFO  o.a.coyote.http11.Http11NioProtocol -  Initializing ProtocolHandler ["http-nio-8081"]
2024-09-02  22:09:04 [main] org.apache.juli.logging.DirectJDKLog INFO  o.a.catalina.core.StandardService -  Starting service [Tomcat]
2024-09-02  22:09:04 [main] org.apache.juli.logging.DirectJDKLog INFO  o.a.catalina.core.StandardEngine -  Starting Servlet engine: [Apache Tomcat/10.1.30]
2024-09-02  22:09:04 [main] org.apache.juli.logging.DirectJDKLog INFO  o.a.c.c.C.[Tomcat].[localhost].[/] -  Initializing Spring embedded WebApplicationContext
2024-09-02  22:09:04 [main] org.springframework.boot.web.servlet.context.ServletWebServerApplicationContext INFO  o.s.b.w.s.c.ServletWebServerApplicationContext -  Root WebApplicationContext: initialization completed in 1245 ms
2024-09-02  22:09:05 [main] org.hibernate.jpa.internal.util.LogHelper INFO  o.h.jpa.internal.util.LogHelper -  HHH000204: Processing PersistenceUnitInfo [name: default]
2024-09-02  22:09:05 [main] org.hibernate.Version INFO  org.hibernate.Version -  HHH000412: Hibernate ORM core version 6.5.3.Final
2024-09-02  22:09:05 [main] org.hibernate.cache.internal.RegionFactoryInitiator INFO  o.h.c.i.RegionFactoryInitiator -  HHH000026: Second-level cache disabled
2024-09-02  22:09:05 [main] org.springframework.orm.jpa.persistenceunit.SpringPersistenceUnitInfo INFO  o.s.o.j.p.SpringPersistenceUnitInfo -  No LoadTimeWeaver setup: ignoring JPA class transformer
2024-09-02  22:09:05 [main] com.zaxxer.hikari.HikariDataSource INFO  com.zaxxer.hikari.HikariDataSource -  HikariPool-1 - Starting...
2024-09-02  22:09:05 [main] com.zaxxer.hikari.pool.HikariPool INFO  com.zaxxer.hikari.pool.HikariPool -  HikariPool-1 - Added connection com.mysql.cj.jdbc.ConnectionImpl@86377d5
2024-09-02  22:09:05 [main] com.zaxxer.hikari.HikariDataSource INFO  com.zaxxer.hikari.HikariDataSource -  HikariPool-1 - Start completed.
2024-09-02  22:09:05 [main] org.hibernate.engine.jdbc.dialect.internal.DialectFactoryImpl WARN  org.hibernate.orm.deprecation -  HHH90000025: MySQL8Dialect does not need to be specified explicitly using 'hibernate.dialect' (remove the property setting and it will be selected by default)
2024-09-02  22:09:05 [main] org.hibernate.engine.jdbc.dialect.internal.DialectFactoryImpl WARN  org.hibernate.orm.deprecation -  HHH90000026: MySQL8Dialect has been deprecated; use org.hibernate.dialect.MySQLDialect instead
2024-09-02  22:09:06 [main] org.hibernate.engine.transaction.jta.platform.internal.JtaPlatformInitiator INFO  o.h.e.t.j.p.i.JtaPlatformInitiator -  HHH000489: No JTA platform available (set 'hibernate.transaction.jta.platform' to enable JTA platform integration)
2024-09-02  22:09:06 [main] org.springframework.orm.jpa.AbstractEntityManagerFactoryBean INFO  o.s.o.j.LocalContainerEntityManagerFactoryBean -  Initialized JPA EntityManagerFactory for persistence unit 'default'
2024-09-02  22:09:06 [main] org.springframework.data.jpa.repository.query.QueryEnhancerFactory INFO  o.s.d.j.r.query.QueryEnhancerFactory -  Hibernate is in classpath; If applicable, HQL parser will be used.
2024-09-02  22:09:07 [main] org.springframework.boot.autoconfigure.orm.jpa.JpaBaseConfiguration$JpaWebConfiguration WARN  o.s.b.a.o.j.JpaBaseConfiguration$JpaWebConfiguration -  spring.jpa.open-in-view is enabled by default. Therefore, database queries may be performed during view rendering. Explicitly configure spring.jpa.open-in-view to disable this warning
2024-09-02  22:09:07 [main] org.apache.juli.logging.DirectJDKLog INFO  o.a.coyote.http11.Http11NioProtocol -  Starting ProtocolHandler ["http-nio-8081"]
2024-09-02  22:09:07 [main] org.springframework.boot.web.embedded.tomcat.TomcatWebServer INFO  o.s.b.w.e.tomcat.TomcatWebServer -  Tomcat started on port 8081 (http) with context path '/'
2024-09-02  22:09:07 [main] org.springframework.boot.StartupInfoLogger INFO  c.h.hotel.HotelApplication -  Started HotelApplication in 4.325 seconds (process running for 5.233)
2024-09-02  22:09:07 [scheduling-1] com.hotelManagementSystem.hotel.schedular.RoomAvailableUpdateBeforeEndDate INFO  c.h.h.s.RoomAvailableUpdateBeforeEndDate -  Start Scheduler For Checked Expired report !
2024-09-02  22:09:07 [scheduling-1] com.hotelManagementSystem.hotel.schedular.RoomAvailableUpdateBeforeEndDate INFO  c.h.h.s.RoomAvailableUpdateBeforeEndDate -  Get The Expired Details Of Booking  !
